c:\users\77781333\onedrive - university of the west of scotland\teaching\ipm\new module\labs\basicphysicsengine\basicphysicsengine\debug\vc140.pdb
c:\users\77781333\onedrive - university of the west of scotland\teaching\ipm\new module\labs\basicphysicsengine\basicphysicsengine\debug\vc140.idb
c:\users\77781333\onedrive - university of the west of scotland\teaching\ipm\new module\labs\basicphysicsengine\basicphysicsengine\debug\aabb.obj
c:\users\77781333\onedrive - university of the west of scotland\teaching\ipm\new module\labs\basicphysicsengine\basicphysicsengine\debug\ball.obj
c:\users\77781333\onedrive - university of the west of scotland\teaching\ipm\new module\labs\basicphysicsengine\basicphysicsengine\debug\boundingsphere.obj
c:\users\77781333\onedrive - university of the west of scotland\teaching\ipm\new module\labs\basicphysicsengine\basicphysicsengine\debug\box.obj
c:\users\77781333\onedrive - university of the west of scotland\teaching\ipm\new module\labs\basicphysicsengine\basicphysicsengine\debug\collisiondetector.obj
c:\users\77781333\onedrive - university of the west of scotland\teaching\ipm\new module\labs\basicphysicsengine\basicphysicsengine\debug\contact.obj
c:\users\77781333\onedrive - university of the west of scotland\teaching\ipm\new module\labs\basicphysicsengine\basicphysicsengine\debug\contactresolver.obj
c:\users\77781333\onedrive - university of the west of scotland\teaching\ipm\new module\labs\basicphysicsengine\basicphysicsengine\debug\eulersolver.obj
c:\users\77781333\onedrive - university of the west of scotland\teaching\ipm\new module\labs\basicphysicsengine\basicphysicsengine\debug\forceregistry.obj
c:\users\77781333\onedrive - university of the west of scotland\teaching\ipm\new module\labs\basicphysicsengine\basicphysicsengine\debug\gamewindow.obj
c:\users\77781333\onedrive - university of the west of scotland\teaching\ipm\new module\labs\basicphysicsengine\basicphysicsengine\debug\gravity.obj
c:\users\77781333\onedrive - university of the west of scotland\teaching\ipm\new module\labs\basicphysicsengine\basicphysicsengine\debug\main.obj
c:\users\77781333\onedrive - university of the west of scotland\teaching\ipm\new module\labs\basicphysicsengine\basicphysicsengine\debug\game.obj
c:\users\77781333\onedrive - university of the west of scotland\teaching\ipm\new module\labs\basicphysicsengine\basicphysicsengine\debug\parameters.obj
c:\users\77781333\onedrive - university of the west of scotland\teaching\ipm\new module\labs\basicphysicsengine\basicphysicsengine\debug\physicsentity.obj
c:\users\77781333\onedrive - university of the west of scotland\teaching\ipm\new module\labs\basicphysicsengine\basicphysicsengine\debug\solver.obj
c:\users\77781333\onedrive - university of the west of scotland\teaching\ipm\new module\labs\basicphysicsengine\basicphysicsengine\debug\timer.obj
c:\users\77781333\onedrive - university of the west of scotland\teaching\ipm\new module\labs\basicphysicsengine\basicphysicsengine\debug\transform.obj
c:\users\77781333\onedrive - university of the west of scotland\teaching\ipm\new module\labs\basicphysicsengine\basicphysicsengine\debug\utils.obj
c:\users\77781333\onedrive - university of the west of scotland\teaching\ipm\new module\labs\basicphysicsengine\basicphysicsengine\debug\verletsolver.obj
c:\users\77781333\onedrive - university of the west of scotland\teaching\ipm\new module\labs\basicphysicsengine\debug\basicphysicsengine.ilk
c:\users\77781333\onedrive - university of the west of scotland\teaching\ipm\new module\labs\basicphysicsengine\debug\basicphysicsengine.exe
c:\users\77781333\onedrive - university of the west of scotland\teaching\ipm\new module\labs\basicphysicsengine\debug\basicphysicsengine.pdb
c:\users\77781333\onedrive - university of the west of scotland\teaching\ipm\new module\labs\basicphysicsengine\basicphysicsengine\debug\basicphy.0440a1de.tlog\cl.command.1.tlog
c:\users\77781333\onedrive - university of the west of scotland\teaching\ipm\new module\labs\basicphysicsengine\basicphysicsengine\debug\basicphy.0440a1de.tlog\cl.read.1.tlog
c:\users\77781333\onedrive - university of the west of scotland\teaching\ipm\new module\labs\basicphysicsengine\basicphysicsengine\debug\basicphy.0440a1de.tlog\cl.write.1.tlog
c:\users\77781333\onedrive - university of the west of scotland\teaching\ipm\new module\labs\basicphysicsengine\basicphysicsengine\debug\basicphy.0440a1de.tlog\link.command.1.tlog
c:\users\77781333\onedrive - university of the west of scotland\teaching\ipm\new module\labs\basicphysicsengine\basicphysicsengine\debug\basicphy.0440a1de.tlog\link.read.1.tlog
c:\users\77781333\onedrive - university of the west of scotland\teaching\ipm\new module\labs\basicphysicsengine\basicphysicsengine\debug\basicphy.0440a1de.tlog\link.write.1.tlog
