c:\users\77781333\onedrive - university of the west of scotland\teaching\ipm\new module\labs\movingcircle2\movingcircle\release\vc140.pdb
c:\users\77781333\onedrive - university of the west of scotland\teaching\ipm\new module\labs\movingcircle2\movingcircle\release\timer.obj
c:\users\77781333\onedrive - university of the west of scotland\teaching\ipm\new module\labs\movingcircle2\movingcircle\release\verletsolver.obj
c:\users\77781333\onedrive - university of the west of scotland\teaching\ipm\new module\labs\movingcircle2\movingcircle\release\utils.obj
c:\users\77781333\onedrive - university of the west of scotland\teaching\ipm\new module\labs\movingcircle2\movingcircle\release\transform.obj
c:\users\77781333\onedrive - university of the west of scotland\teaching\ipm\new module\labs\movingcircle2\movingcircle\release\physicsentity.obj
c:\users\77781333\onedrive - university of the west of scotland\teaching\ipm\new module\labs\movingcircle2\movingcircle\release\parameters.obj
c:\users\77781333\onedrive - university of the west of scotland\teaching\ipm\new module\labs\movingcircle2\movingcircle\release\game.obj
c:\users\77781333\onedrive - university of the west of scotland\teaching\ipm\new module\labs\movingcircle2\movingcircle\release\boundaries.obj
c:\users\77781333\onedrive - university of the west of scotland\teaching\ipm\new module\labs\movingcircle2\movingcircle\release\main.obj
c:\users\77781333\onedrive - university of the west of scotland\teaching\ipm\new module\labs\movingcircle2\movingcircle\release\gravity.obj
c:\users\77781333\onedrive - university of the west of scotland\teaching\ipm\new module\labs\movingcircle2\movingcircle\release\gamewindow.obj
c:\users\77781333\onedrive - university of the west of scotland\teaching\ipm\new module\labs\movingcircle2\movingcircle\release\forceregistry.obj
c:\users\77781333\onedrive - university of the west of scotland\teaching\ipm\new module\labs\movingcircle2\movingcircle\release\eulersolver.obj
c:\users\77781333\onedrive - university of the west of scotland\teaching\ipm\new module\labs\movingcircle2\movingcircle\release\contact.obj
c:\users\77781333\onedrive - university of the west of scotland\teaching\ipm\new module\labs\movingcircle2\movingcircle\release\collisiontests.obj
c:\users\77781333\onedrive - university of the west of scotland\teaching\ipm\new module\labs\movingcircle2\movingcircle\release\boundingsphere.obj
c:\users\77781333\onedrive - university of the west of scotland\teaching\ipm\new module\labs\movingcircle2\movingcircle\release\ball.obj
c:\users\77781333\onedrive - university of the west of scotland\teaching\ipm\new module\labs\movingcircle2\movingcircle\release\aabb.obj
c:\users\77781333\onedrive - university of the west of scotland\teaching\ipm\new module\labs\movingcircle2\movingcircle\release\solver.obj
c:\users\77781333\onedrive - university of the west of scotland\teaching\ipm\new module\labs\movingcircle2\movingcircle\release\contactresolver.obj
c:\users\77781333\onedrive - university of the west of scotland\teaching\ipm\new module\labs\movingcircle2\movingcircle\release\collisiondetector.obj
c:\users\77781333\onedrive - university of the west of scotland\teaching\ipm\new module\labs\movingcircle2\movingcircle\release\box.obj
c:\users\77781333\onedrive - university of the west of scotland\teaching\ipm\new module\labs\movingcircle2\release\movingcircle.exe
c:\users\77781333\onedrive - university of the west of scotland\teaching\ipm\new module\labs\movingcircle2\release\movingcircle.ipdb
c:\users\77781333\onedrive - university of the west of scotland\teaching\ipm\new module\labs\movingcircle2\release\movingcircle.iobj
c:\users\77781333\onedrive - university of the west of scotland\teaching\ipm\new module\labs\movingcircle2\release\movingcircle.pdb
c:\users\77781333\onedrive - university of the west of scotland\teaching\ipm\new module\labs\movingcircle2\movingcircle\release\movingcircle.tlog\cl.command.1.tlog
c:\users\77781333\onedrive - university of the west of scotland\teaching\ipm\new module\labs\movingcircle2\movingcircle\release\movingcircle.tlog\cl.read.1.tlog
c:\users\77781333\onedrive - university of the west of scotland\teaching\ipm\new module\labs\movingcircle2\movingcircle\release\movingcircle.tlog\cl.write.1.tlog
c:\users\77781333\onedrive - university of the west of scotland\teaching\ipm\new module\labs\movingcircle2\movingcircle\release\movingcircle.tlog\link.command.1.tlog
c:\users\77781333\onedrive - university of the west of scotland\teaching\ipm\new module\labs\movingcircle2\movingcircle\release\movingcircle.tlog\link.read.1.tlog
c:\users\77781333\onedrive - university of the west of scotland\teaching\ipm\new module\labs\movingcircle2\movingcircle\release\movingcircle.tlog\link.write.1.tlog
